     1                                  ; hello-os
     2                                  ; TAB=4
     3                                  
     4                                  	ORG		0x7c00		; memory start position
     5                                  
     6                                  ; for flopy disk
     7                                  
     8 00000000 EB4E                    	JMP     entry
     9 00000002 90                      	DB      0x90
    10 00000003 48454C4C4F49504C        	DB      "HELLOIPL"      ; ブートセレクタの名前を自由にかいていよい  (8Byte)
    11 0000000B 0002                    	DW      512             ; 1セクタの大きさ                           (512にしなければならない)
    12 0000000D 01                      	DB      1               ; クラスタの大きさ                          (1セクタにしなければならない)
    13 0000000E 0100                    	DW      1               ; FATがどこから始まるか                     (普通は1セクタ目からにする)
    14 00000010 02                      	DB      2               ; FATの個数                                 (2にしなければならない)
    15 00000011 E000                    	DW      224             ; ルートディレクトリ領域の大きさ            (普通は224エントリにする)
    16 00000013 400B                    	DW      2880            ; このドライブの大きさ                      (2880セクタにしなければならない)
    17 00000015 F0                      	DB      0xf0            ; メディアタイプ                            (0xf0にしなければならない)
    18 00000016 0900                    	DW      9               ; FAT領域の長さ                             (9セクタにしなければならない)
    19 00000018 1200                    	DW      18              ; 1トラックにいくつのセクタがあるか         (18にしなければならない)
    20 0000001A 0200                    	DW      2               ; ヘッドの数                                (2にしなければならない)
    21 0000001C 00000000                	DD      0               ; パーティションを使っていないのでここは必ず0
    22 00000020 400B0000                	DD      2880            ; このドライブの大きさをもう一度書く
    23 00000024 000029                  	DB      0, 0, 0x29      ; よくわからないけどこの値にしておくといいらしい
    24 00000027 FFFFFFFF                	DD      0xffffffff      ; たぶんボリュームシリアル番号
    25 0000002B 48454C4C4F2D4F5320-     	DB      "HELLO-OS   "   ; ディスクの名前                            (11Byte)
    25 00000034 2020               
    26 00000036 4641543132202020        	DB      "FAT12   "      ; フォーマットの名前                        (8Byte)
    27 0000003E <res 12h>               	RESB    18              ; とりあえず18バイト開けておく
    27          ******************       warning: uninitialized space declared in .text section: zeroing [-w+zeroing]
    28                                  
    29                                  ; Program Main Body
    30                                  entry:
    31 00000050 B80000                  		MOV		AX, 0		; init registor
    32 00000053 8ED0                    		MOV		SS,	AX
    33 00000055 BC007C                  		MOV		SP,	0x7c00
    34 00000058 8ED8                    		MOV		DS,	AX
    35 0000005A 8EC0                    		MOV		ES,	AX
    36                                  
    37 0000005C BE[7400]                		MOV		SI,	msg
    38                                  putloop:
    39 0000005F 8A04                    		MOV		AL, [SI]	; BYTE (accumulator low)
    40 00000061 83C601                  		ADD		SI, 1		; increment
    41 00000064 3C00                    		CMP		AL, 0		; compare (<end msg>)
    42 00000066 7409                    		JE		fin			; jump to fin if equal to 0
    43 00000068 B40E                    		MOV		AH, 0x0e	; AH = 0x0e
    44 0000006A BB0F00                  		MOV		BX, 15		; BH = 0, BL = <color code>
    45 0000006D CD10                    		INT		0x10		; interrupt BIOS
    46 0000006F EBEE                    		JMP		putloop
    47                                  
    48                                  fin:
    49 00000071 F4                      		HLT					; wait cpu
    50 00000072 EBFD                    		JMP		fin			; infinite loop
    51                                  
    52                                  msg:
    53 00000074 0A0A                    		DB		0x0a, 0x0a	; two new line
    54 00000076 68656C6C6F2C20776F-     		DB		"hello, world"
    54 0000007F 726C64             
    55 00000082 0A                      		DB		0x0a		; new line
    56 00000083 00                      		DB		0			;end msg
    57                                  
    58 00000084 <res 17Ah>              		RESB	0x7dfe-0x7c00-($-$$)
    58          ******************       warning: uninitialized space declared in .text section: zeroing [-w+zeroing]
    59 000001FE 55AA                    		DB		0x55, 0xaa
    60                                  
