     1 00000000                                 [FORMAT "WCOFF"]
     2 00000000                                 [INSTRSET "i486p"]
     3 00000000                                 [OPTIMIZE 1]
     4 00000000                                 [OPTION 1]
     5 00000000                                 [BITS 32]
     6 00000000                                 	EXTERN	_init_gdtidt
     7 00000000                                 	EXTERN	_init_pic
     8 00000000                                 	EXTERN	_io_sti
     9 00000000                                 	EXTERN	_fifo32_init
    10 00000000                                 	EXTERN	_init_pit
    11 00000000                                 	EXTERN	_init_keyboard
    12 00000000                                 	EXTERN	_enable_mouse
    13 00000000                                 	EXTERN	_io_out8
    14 00000000                                 	EXTERN	_timer_alloc
    15 00000000                                 	EXTERN	_timer_init
    16 00000000                                 	EXTERN	_timer_settime
    17 00000000                                 	EXTERN	_memtest
    18 00000000                                 	EXTERN	_memman_init
    19 00000000                                 	EXTERN	_memman_free
    20 00000000                                 	EXTERN	_init_palette
    21 00000000                                 	EXTERN	_shtctl_init
    22 00000000                                 	EXTERN	_sheet_alloc
    23 00000000                                 	EXTERN	_memman_alloc_4k
    24 00000000                                 	EXTERN	_sheet_setbuf
    25 00000000                                 	EXTERN	_init_screen8
    26 00000000                                 	EXTERN	_init_mouse_cursor8
    27 00000000                                 	EXTERN	_sheet_slide
    28 00000000                                 	EXTERN	_sheet_updown
    29 00000000                                 	EXTERN	_sprintf
    30 00000000                                 	EXTERN	_memman_total
    31 00000000                                 	EXTERN	_set_segmdesc
    32 00000000                                 	EXTERN	_load_tr
    33 00000000                                 	EXTERN	_io_cli
    34 00000000                                 	EXTERN	_fifo32_status
    35 00000000                                 	EXTERN	_fifo32_get
    36 00000000                                 	EXTERN	_boxfill8
    37 00000000                                 	EXTERN	_sheet_refresh
    38 00000000                                 	EXTERN	_mouse_decode
    39 00000000                                 	EXTERN	_keytable.0
    40 00000000                                 	EXTERN	_farjmp
    41 00000000                                 	EXTERN	_io_stihlt
    42 00000000                                 	EXTERN	_putfonts8_asc
    43 00000000                                 [FILE "bootpack.c"]
    44                                          [SECTION .data]
    45 00000000                                 _keytable.0:
    46 00000000 00                              	DB	0
    47 00000001 00                              	DB	0
    48 00000002 31                              	DB	49
    49 00000003 32                              	DB	50
    50 00000004 33                              	DB	51
    51 00000005 34                              	DB	52
    52 00000006 35                              	DB	53
    53 00000007 36                              	DB	54
    54 00000008 37                              	DB	55
    55 00000009 38                              	DB	56
    56 0000000A 39                              	DB	57
    57 0000000B 30                              	DB	48
    58 0000000C 2D                              	DB	45
    59 0000000D 5E                              	DB	94
    60 0000000E 00                              	DB	0
    61 0000000F 00                              	DB	0
    62 00000010 51                              	DB	81
    63 00000011 57                              	DB	87
    64 00000012 45                              	DB	69
    65 00000013 52                              	DB	82
    66 00000014 54                              	DB	84
    67 00000015 59                              	DB	89
    68 00000016 55                              	DB	85
    69 00000017 49                              	DB	73
    70 00000018 4F                              	DB	79
    71 00000019 50                              	DB	80
    72 0000001A 40                              	DB	64
    73 0000001B 5B                              	DB	91
    74 0000001C 00                              	DB	0
    75 0000001D 00                              	DB	0
    76 0000001E 41                              	DB	65
    77 0000001F 53                              	DB	83
    78 00000020 44                              	DB	68
    79 00000021 46                              	DB	70
    80 00000022 47                              	DB	71
    81 00000023 48                              	DB	72
    82 00000024 4A                              	DB	74
    83 00000025 4B                              	DB	75
    84 00000026 4C                              	DB	76
    85 00000027 3B                              	DB	59
    86 00000028 3A                              	DB	58
    87 00000029 00                              	DB	0
    88 0000002A 00                              	DB	0
    89 0000002B 5D                              	DB	93
    90 0000002C 5A                              	DB	90
    91 0000002D 58                              	DB	88
    92 0000002E 43                              	DB	67
    93 0000002F 56                              	DB	86
    94 00000030 42                              	DB	66
    95 00000031 4E                              	DB	78
    96 00000032 4D                              	DB	77
    97 00000033 2C                              	DB	44
    98 00000034 2E                              	DB	46
    99 00000035 2F                              	DB	47
   100 00000036 00                              	DB	0
   101 00000037 2A                              	DB	42
   102 00000038 00                              	DB	0
   103 00000039 20                              	DB	32
   104 0000003A 00                              	DB	0
   105 0000003B 00                              	DB	0
   106 0000003C 00                              	DB	0
   107 0000003D 00                              	DB	0
   108 0000003E 00                              	DB	0
   109 0000003F 00                              	DB	0
   110 00000040 00                              	DB	0
   111 00000041 00                              	DB	0
   112 00000042 00                              	DB	0
   113 00000043 00                              	DB	0
   114 00000044 00                              	DB	0
   115 00000045 00                              	DB	0
   116 00000046 00                              	DB	0
   117 00000047 37                              	DB	55
   118 00000048 38                              	DB	56
   119 00000049 39                              	DB	57
   120 0000004A 2D                              	DB	45
   121 0000004B 34                              	DB	52
   122 0000004C 35                              	DB	53
   123 0000004D 36                              	DB	54
   124 0000004E 2B                              	DB	43
   125 0000004F 31                              	DB	49
   126 00000050 32                              	DB	50
   127 00000051 33                              	DB	51
   128 00000052 30                              	DB	48
   129 00000053 2E                              	DB	46
   130 00000054                                 LC0:
   131 00000054 77 69 6E 64 6F 77 00            	DB	"window",0x00
   132 0000005B                                 LC1:
   133 0000005B 28 25 33 64 2C 20 25 33 64 29   	DB	"(%3d, %3d)",0x00
       00000065 00 
   134 00000066                                 LC2:
   135 00000066 6D 65 6D 6F 72 79 20 25 64 4D   	DB	"memory %dMB   free : %dKB",0x00
       00000070 42 20 20 20 66 72 65 65 20 3A 
       0000007A 20 25 64 4B 42 00 
   136 00000080                                 LC7:
   137 00000080 33 5B 73 65 63 5D 00            	DB	"3[sec]",0x00
   138 00000087                                 LC6:
   139 00000087 31 30 5B 73 65 63 5D 00         	DB	"10[sec]",0x00
   140 0000008F                                 LC5:
   141 0000008F 5B 6C 63 72 20 25 34 64 20 25   	DB	"[lcr %4d %4d]",0x00
       00000099 34 64 5D 00 
   142 0000009D                                 LC3:
   143 0000009D 25 30 32 58 00                  	DB	"%02X",0x00
   144 000000A2                                 LC4:
   145 000000A2 20 00                           	DB	" ",0x00
   146                                          [SECTION .text]
   147 00000000                                 	GLOBAL	_HariMain
   148 00000000                                 _HariMain:
   149 00000000 55                              	PUSH	EBP
   150 00000001 89 E5                           	MOV	EBP,ESP
   151 00000003 57                              	PUSH	EDI
   152 00000004 56                              	PUSH	ESI
   153 00000005 53                              	PUSH	EBX
   154 00000006 8D 75 D4                        	LEA	ESI,DWORD [-44+EBP]
   155 00000009 81 EC 0000046C                  	SUB	ESP,1132
   156 0000000F E8 [00000000]                   	CALL	_init_gdtidt
   157 00000014 E8 [00000000]                   	CALL	_init_pic
   158 00000019 E8 [00000000]                   	CALL	_io_sti
   159 0000001E 8D 85 FFFFFDA4                  	LEA	EAX,DWORD [-604+EBP]
   160 00000024 50                              	PUSH	EAX
   161 00000025 68 00000080                     	PUSH	128
   162 0000002A 56                              	PUSH	ESI
   163 0000002B E8 [00000000]                   	CALL	_fifo32_init
   164 00000030 E8 [00000000]                   	CALL	_init_pit
   165 00000035 68 00000100                     	PUSH	256
   166 0000003A 56                              	PUSH	ESI
   167 0000003B E8 [00000000]                   	CALL	_init_keyboard
   168 00000040 8D 85 FFFFFD94                  	LEA	EAX,DWORD [-620+EBP]
   169 00000046 50                              	PUSH	EAX
   170 00000047 68 00000200                     	PUSH	512
   171 0000004C 56                              	PUSH	ESI
   172 0000004D E8 [00000000]                   	CALL	_enable_mouse
   173 00000052 83 C4 20                        	ADD	ESP,32
   174 00000055 68 000000F8                     	PUSH	248
   175 0000005A 6A 21                           	PUSH	33
   176 0000005C E8 [00000000]                   	CALL	_io_out8
   177 00000061 68 000000EF                     	PUSH	239
   178 00000066 68 000000A1                     	PUSH	161
   179 0000006B E8 [00000000]                   	CALL	_io_out8
   180 00000070 E8 [00000000]                   	CALL	_timer_alloc
   181 00000075 6A 0A                           	PUSH	10
   182 00000077 56                              	PUSH	ESI
   183 00000078 89 C3                           	MOV	EBX,EAX
   184 0000007A 50                              	PUSH	EAX
   185 0000007B E8 [00000000]                   	CALL	_timer_init
   186 00000080 68 000003E8                     	PUSH	1000
   187 00000085 53                              	PUSH	EBX
   188 00000086 E8 [00000000]                   	CALL	_timer_settime
   189 0000008B 83 C4 24                        	ADD	ESP,36
   190 0000008E E8 [00000000]                   	CALL	_timer_alloc
   191 00000093 6A 03                           	PUSH	3
   192 00000095 89 C3                           	MOV	EBX,EAX
   193 00000097 56                              	PUSH	ESI
   194 00000098 50                              	PUSH	EAX
   195 00000099 E8 [00000000]                   	CALL	_timer_init
   196 0000009E 68 0000012C                     	PUSH	300
   197 000000A3 53                              	PUSH	EBX
   198 000000A4 E8 [00000000]                   	CALL	_timer_settime
   199 000000A9 E8 [00000000]                   	CALL	_timer_alloc
   200 000000AE 6A 01                           	PUSH	1
   201 000000B0 56                              	PUSH	ESI
   202 000000B1 50                              	PUSH	EAX
   203 000000B2 89 85 FFFFFBB0                  	MOV	DWORD [-1104+EBP],EAX
   204 000000B8 E8 [00000000]                   	CALL	_timer_init
   205 000000BD 83 C4 20                        	ADD	ESP,32
   206 000000C0 6A 32                           	PUSH	50
   207 000000C2 FF B5 FFFFFBB0                  	PUSH	DWORD [-1104+EBP]
   208 000000C8 E8 [00000000]                   	CALL	_timer_settime
   209 000000CD E8 [00000000]                   	CALL	_timer_alloc
   210 000000D2 6A 02                           	PUSH	2
   211 000000D4 56                              	PUSH	ESI
   212 000000D5 50                              	PUSH	EAX
   213 000000D6 89 85 FFFFFBAC                  	MOV	DWORD [-1108+EBP],EAX
   214 000000DC E8 [00000000]                   	CALL	_timer_init
   215 000000E1 6A 02                           	PUSH	2
   216 000000E3 FF B5 FFFFFBAC                  	PUSH	DWORD [-1108+EBP]
   217 000000E9 E8 [00000000]                   	CALL	_timer_settime
   218 000000EE 68 BFFFFFFF                     	PUSH	-1073741825
   219 000000F3 68 00400000                     	PUSH	4194304
   220 000000F8 E8 [00000000]                   	CALL	_memtest
   221 000000FD 83 C4 24                        	ADD	ESP,36
   222 00000100 68 003C0000                     	PUSH	3932160
   223 00000105 89 85 FFFFFB9C                  	MOV	DWORD [-1124+EBP],EAX
   224 0000010B E8 [00000000]                   	CALL	_memman_init
   225 00000110 68 0009E000                     	PUSH	647168
   226 00000115 68 00001000                     	PUSH	4096
   227 0000011A 68 003C0000                     	PUSH	3932160
   228 0000011F E8 [00000000]                   	CALL	_memman_free
   229 00000124 8B 85 FFFFFB9C                  	MOV	EAX,DWORD [-1124+EBP]
   230 0000012A 2D 00400000                     	SUB	EAX,4194304
   231 0000012F 50                              	PUSH	EAX
   232 00000130 68 00400000                     	PUSH	4194304
   233 00000135 68 003C0000                     	PUSH	3932160
   234 0000013A E8 [00000000]                   	CALL	_memman_free
   235 0000013F E8 [00000000]                   	CALL	_init_palette
   236 00000144 0F BF 05 00000FF6               	MOVSX	EAX,WORD [4086]
   237 0000014B 50                              	PUSH	EAX
   238 0000014C 0F BF 05 00000FF4               	MOVSX	EAX,WORD [4084]
   239 00000153 50                              	PUSH	EAX
   240 00000154 FF 35 00000FF8                  	PUSH	DWORD [4088]
   241 0000015A 68 003C0000                     	PUSH	3932160
   242 0000015F E8 [00000000]                   	CALL	_shtctl_init
   243 00000164 83 C4 2C                        	ADD	ESP,44
   244 00000167 89 C3                           	MOV	EBX,EAX
   245 00000169 50                              	PUSH	EAX
   246 0000016A E8 [00000000]                   	CALL	_sheet_alloc
   247 0000016F 53                              	PUSH	EBX
   248 00000170 89 85 FFFFFB98                  	MOV	DWORD [-1128+EBP],EAX
   249 00000176 E8 [00000000]                   	CALL	_sheet_alloc
   250 0000017B 53                              	PUSH	EBX
   251 0000017C 8D 9D FFFFFC94                  	LEA	EBX,DWORD [-876+EBP]
   252 00000182 89 85 FFFFFB94                  	MOV	DWORD [-1132+EBP],EAX
   253 00000188 E8 [00000000]                   	CALL	_sheet_alloc
   254 0000018D 0F BF 15 00000FF6               	MOVSX	EDX,WORD [4086]
   255 00000194 89 85 FFFFFB90                  	MOV	DWORD [-1136+EBP],EAX
   256 0000019A 0F BF 05 00000FF4               	MOVSX	EAX,WORD [4084]
   257 000001A1 0F AF C2                        	IMUL	EAX,EDX
   258 000001A4 50                              	PUSH	EAX
   259 000001A5 68 003C0000                     	PUSH	3932160
   260 000001AA E8 [00000000]                   	CALL	_memman_alloc_4k
   261 000001AF 68 00002080                     	PUSH	8320
   262 000001B4 68 003C0000                     	PUSH	3932160
   263 000001B9 89 C6                           	MOV	ESI,EAX
   264 000001BB E8 [00000000]                   	CALL	_memman_alloc_4k
   265 000001C0 6A FF                           	PUSH	-1
   266 000001C2 89 C7                           	MOV	EDI,EAX
   267 000001C4 0F BF 05 00000FF6               	MOVSX	EAX,WORD [4086]
   268 000001CB 50                              	PUSH	EAX
   269 000001CC 0F BF 05 00000FF4               	MOVSX	EAX,WORD [4084]
   270 000001D3 50                              	PUSH	EAX
   271 000001D4 56                              	PUSH	ESI
   272 000001D5 FF B5 FFFFFB98                  	PUSH	DWORD [-1128+EBP]
   273 000001DB E8 [00000000]                   	CALL	_sheet_setbuf
   274 000001E0 83 C4 30                        	ADD	ESP,48
   275 000001E3 6A 63                           	PUSH	99
   276 000001E5 6A 10                           	PUSH	16
   277 000001E7 6A 10                           	PUSH	16
   278 000001E9 53                              	PUSH	EBX
   279 000001EA FF B5 FFFFFB94                  	PUSH	DWORD [-1132+EBP]
   280 000001F0 E8 [00000000]                   	CALL	_sheet_setbuf
   281 000001F5 6A FF                           	PUSH	-1
   282 000001F7 6A 34                           	PUSH	52
   283 000001F9 68 000000A0                     	PUSH	160
   284 000001FE 57                              	PUSH	EDI
   285 000001FF FF B5 FFFFFB90                  	PUSH	DWORD [-1136+EBP]
   286 00000205 E8 [00000000]                   	CALL	_sheet_setbuf
   287 0000020A 83 C4 28                        	ADD	ESP,40
   288 0000020D 0F BF 05 00000FF6               	MOVSX	EAX,WORD [4086]
   289 00000214 50                              	PUSH	EAX
   290 00000215 0F BF 05 00000FF4               	MOVSX	EAX,WORD [4084]
   291 0000021C 50                              	PUSH	EAX
   292 0000021D 56                              	PUSH	ESI
   293 0000021E E8 [00000000]                   	CALL	_init_screen8
   294 00000223 6A 63                           	PUSH	99
   295 00000225 53                              	PUSH	EBX
   296 00000226 BB 00000002                     	MOV	EBX,2
   297 0000022B E8 [00000000]                   	CALL	_init_mouse_cursor8
   298 00000230 68 [00000054]                   	PUSH	LC0
   299 00000235 6A 34                           	PUSH	52
   300 00000237 68 000000A0                     	PUSH	160
   301 0000023C 57                              	PUSH	EDI
   302 0000023D E8 000005C7                     	CALL	_make_window8
   303 00000242 83 C4 24                        	ADD	ESP,36
   304 00000245 6A 07                           	PUSH	7
   305 00000247 6A 10                           	PUSH	16
   306 00000249 68 00000090                     	PUSH	144
   307 0000024E 6A 1C                           	PUSH	28
   308 00000250 6A 08                           	PUSH	8
   309 00000252 FF B5 FFFFFB90                  	PUSH	DWORD [-1136+EBP]
   310 00000258 E8 0000079F                     	CALL	_make_textbox8
   311 0000025D 6A 00                           	PUSH	0
   312 0000025F 6A 00                           	PUSH	0
   313 00000261 FF B5 FFFFFB98                  	PUSH	DWORD [-1128+EBP]
   314 00000267 C7 85 FFFFFBA4 00000008         	MOV	DWORD [-1116+EBP],8
   315 00000271 C7 85 FFFFFBA0 00000007         	MOV	DWORD [-1120+EBP],7
   316 0000027B E8 [00000000]                   	CALL	_sheet_slide
   317 00000280 83 C4 24                        	ADD	ESP,36
   318 00000283 0F BF 05 00000FF4               	MOVSX	EAX,WORD [4084]
   319 0000028A 8D 48 F0                        	LEA	ECX,DWORD [-16+EAX]
   320 0000028D 89 C8                           	MOV	EAX,ECX
   321 0000028F 99                              	CDQ
   322 00000290 F7 FB                           	IDIV	EBX
   323 00000292 89 85 FFFFFBA8                  	MOV	DWORD [-1112+EBP],EAX
   324 00000298 0F BF 05 00000FF6               	MOVSX	EAX,WORD [4086]
   325 0000029F 8D 48 D4                        	LEA	ECX,DWORD [-44+EAX]
   326 000002A2 89 C8                           	MOV	EAX,ECX
   327 000002A4 99                              	CDQ
   328 000002A5 F7 FB                           	IDIV	EBX
   329 000002A7 50                              	PUSH	EAX
   330 000002A8 89 C7                           	MOV	EDI,EAX
   331 000002AA FF B5 FFFFFBA8                  	PUSH	DWORD [-1112+EBP]
   332 000002B0 FF B5 FFFFFB94                  	PUSH	DWORD [-1132+EBP]
   333 000002B6 8D 5D A4                        	LEA	EBX,DWORD [-92+EBP]
   334 000002B9 E8 [00000000]                   	CALL	_sheet_slide
   335 000002BE 6A 48                           	PUSH	72
   336 000002C0 6A 50                           	PUSH	80
   337 000002C2 FF B5 FFFFFB90                  	PUSH	DWORD [-1136+EBP]
   338 000002C8 E8 [00000000]                   	CALL	_sheet_slide
   339 000002CD 6A 00                           	PUSH	0
   340 000002CF FF B5 FFFFFB98                  	PUSH	DWORD [-1128+EBP]
   341 000002D5 E8 [00000000]                   	CALL	_sheet_updown
   342 000002DA 83 C4 20                        	ADD	ESP,32
   343 000002DD 6A 01                           	PUSH	1
   344 000002DF FF B5 FFFFFB90                  	PUSH	DWORD [-1136+EBP]
   345 000002E5 E8 [00000000]                   	CALL	_sheet_updown
   346 000002EA 6A 02                           	PUSH	2
   347 000002EC FF B5 FFFFFB94                  	PUSH	DWORD [-1132+EBP]
   348 000002F2 E8 [00000000]                   	CALL	_sheet_updown
   349 000002F7 57                              	PUSH	EDI
   350 000002F8 FF B5 FFFFFBA8                  	PUSH	DWORD [-1112+EBP]
   351 000002FE 68 [0000005B]                   	PUSH	LC1
   352 00000303 53                              	PUSH	EBX
   353 00000304 E8 [00000000]                   	CALL	_sprintf
   354 00000309 83 C4 20                        	ADD	ESP,32
   355 0000030C 6A 0A                           	PUSH	10
   356 0000030E 53                              	PUSH	EBX
   357 0000030F 6A 0E                           	PUSH	14
   358 00000311 6A 07                           	PUSH	7
   359 00000313 6A 00                           	PUSH	0
   360 00000315 6A 00                           	PUSH	0
   361 00000317 FF B5 FFFFFB98                  	PUSH	DWORD [-1128+EBP]
   362 0000031D E8 00000653                     	CALL	_putfonts8_asc_sht
   363 00000322 68 003C0000                     	PUSH	3932160
   364 00000327 E8 [00000000]                   	CALL	_memman_total
   365 0000032C C1 AD FFFFFB9C 14               	SHR	DWORD [-1124+EBP],20
   366 00000333 C1 E8 0A                        	SHR	EAX,10
   367 00000336 89 04 24                        	MOV	DWORD [ESP],EAX
   368 00000339 FF B5 FFFFFB9C                  	PUSH	DWORD [-1124+EBP]
   369 0000033F 68 [00000066]                   	PUSH	LC2
   370 00000344 53                              	PUSH	EBX
   371 00000345 E8 [00000000]                   	CALL	_sprintf
   372 0000034A 83 C4 2C                        	ADD	ESP,44
   373 0000034D 6A 28                           	PUSH	40
   374 0000034F 53                              	PUSH	EBX
   375 00000350 6A 0E                           	PUSH	14
   376 00000352 6A 07                           	PUSH	7
   377 00000354 6A 20                           	PUSH	32
   378 00000356 6A 00                           	PUSH	0
   379 00000358 FF B5 FFFFFB98                  	PUSH	DWORD [-1128+EBP]
   380 0000035E E8 00000612                     	CALL	_putfonts8_asc_sht
   381 00000363 8D 85 FFFFFC24                  	LEA	EAX,DWORD [-988+EBP]
   382 00000369 68 00000089                     	PUSH	137
   383 0000036E 50                              	PUSH	EAX
   384 0000036F 6A 67                           	PUSH	103
   385 00000371 68 00270018                     	PUSH	2555928
   386 00000376 C7 85 FFFFFC84 00000000         	MOV	DWORD [-892+EBP],0
   387 00000380 C7 85 FFFFFC88 40000000         	MOV	DWORD [-888+EBP],1073741824
   388 0000038A C7 85 FFFFFC14 00000000         	MOV	DWORD [-1004+EBP],0
   389 00000394 C7 85 FFFFFC18 40000000         	MOV	DWORD [-1000+EBP],1073741824
   390 0000039E E8 [00000000]                   	CALL	_set_segmdesc
   391 000003A3 8D 85 FFFFFBB4                  	LEA	EAX,DWORD [-1100+EBP]
   392 000003A9 83 C4 2C                        	ADD	ESP,44
   393 000003AC 68 00000089                     	PUSH	137
   394 000003B1 50                              	PUSH	EAX
   395 000003B2 6A 67                           	PUSH	103
   396 000003B4 68 00270020                     	PUSH	2555936
   397 000003B9 E8 [00000000]                   	CALL	_set_segmdesc
   398 000003BE 6A 18                           	PUSH	24
   399 000003C0 E8 [00000000]                   	CALL	_load_tr
   400 000003C5 68 00010000                     	PUSH	65536
   401 000003CA 68 003C0000                     	PUSH	3932160
   402 000003CF E8 [00000000]                   	CALL	_memman_alloc_4k
   403 000003D4 8B 9D FFFFFB98                  	MOV	EBX,DWORD [-1128+EBP]
   404 000003DA 05 0000FFF8                     	ADD	EAX,65528
   405 000003DF C7 85 FFFFFBD4 [00000B32]       	MOV	DWORD [-1068+EBP],_task_b_main
   406 000003E9 C7 85 FFFFFBDC 00000000         	MOV	DWORD [-1060+EBP],0
   407 000003F3 C7 85 FFFFFBE0 00000000         	MOV	DWORD [-1056+EBP],0
   408 000003FD C7 85 FFFFFBE4 00000000         	MOV	DWORD [-1052+EBP],0
   409 00000407 C7 85 FFFFFBE8 00000000         	MOV	DWORD [-1048+EBP],0
   410 00000411 89 85 FFFFFBEC                  	MOV	DWORD [-1044+EBP],EAX
   411 00000417 C7 85 FFFFFBF0 00000000         	MOV	DWORD [-1040+EBP],0
   412 00000421 C7 85 FFFFFBF4 00000000         	MOV	DWORD [-1036+EBP],0
   413 0000042B C7 85 FFFFFBF8 00000000         	MOV	DWORD [-1032+EBP],0
   414 00000435 C7 85 FFFFFBFC 00000008         	MOV	DWORD [-1028+EBP],8
   415 0000043F C7 85 FFFFFC00 00000010         	MOV	DWORD [-1024+EBP],16
   416 00000449 C7 85 FFFFFC04 00000008         	MOV	DWORD [-1020+EBP],8
   417 00000453 C7 85 FFFFFC08 00000008         	MOV	DWORD [-1016+EBP],8
   418 0000045D C7 85 FFFFFC0C 00000008         	MOV	DWORD [-1012+EBP],8
   419 00000467 C7 85 FFFFFC10 00000008         	MOV	DWORD [-1008+EBP],8
   420 00000471 89 58 04                        	MOV	DWORD [4+EAX],EBX
   421 00000474                                 L32:
   422 00000474 83 C4 1C                        	ADD	ESP,28
   423 00000477                                 L2:
   424 00000477 8D 75 D4                        	LEA	ESI,DWORD [-44+EBP]
   425 0000047A E8 [00000000]                   	CALL	_io_cli
   426 0000047F 56                              	PUSH	ESI
   427 00000480 E8 [00000000]                   	CALL	_fifo32_status
   428 00000485 5A                              	POP	EDX
   429 00000486 85 C0                           	TEST	EAX,EAX
   430 00000488 0F 84 00000371                  	JE	L35
   431 0000048E 56                              	PUSH	ESI
   432 0000048F E8 [00000000]                   	CALL	_fifo32_get
   433 00000494 89 C3                           	MOV	EBX,EAX
   434 00000496 E8 [00000000]                   	CALL	_io_sti
   435 0000049B 58                              	POP	EAX
   436 0000049C 83 FB 02                        	CMP	EBX,2
   437 0000049F 0F 84 0000033C                  	JE	L36
   438 000004A5 8D 83 FFFFFF00                  	LEA	EAX,DWORD [-256+EBX]
   439 000004AB 3D 000000FF                     	CMP	EAX,255
   440 000004B0 0F 86 0000022B                  	JBE	L37
   441 000004B6 8D 83 FFFFFE00                  	LEA	EAX,DWORD [-512+EBX]
   442 000004BC 3D 000000FF                     	CMP	EAX,255
   443 000004C1 0F 86 000000DA                  	JBE	L38
   444 000004C7 83 FB 0A                        	CMP	EBX,10
   445 000004CA 0F 84 000000C2                  	JE	L39
   446 000004D0 83 FB 03                        	CMP	EBX,3
   447 000004D3 0F 84 0000009A                  	JE	L40
   448 000004D9 83 FB 01                        	CMP	EBX,1
   449 000004DC 7F 99                           	JG	L2
   450 000004DE 85 DB                           	TEST	EBX,EBX
   451 000004E0 74 77                           	JE	L30
   452 000004E2 6A 00                           	PUSH	0
   453 000004E4 56                              	PUSH	ESI
   454 000004E5 FF B5 FFFFFBB0                  	PUSH	DWORD [-1104+EBP]
   455 000004EB E8 [00000000]                   	CALL	_timer_init
   456 000004F0 C7 85 FFFFFBA0 00000000         	MOV	DWORD [-1120+EBP],0
   457 000004FA                                 L34:
   458 000004FA 83 C4 0C                        	ADD	ESP,12
   459 000004FD 6A 32                           	PUSH	50
   460 000004FF FF B5 FFFFFBB0                  	PUSH	DWORD [-1104+EBP]
   461 00000505 E8 [00000000]                   	CALL	_timer_settime
   462 0000050A 8B 9D FFFFFB90                  	MOV	EBX,DWORD [-1136+EBP]
   463 00000510 8B 85 FFFFFBA4                  	MOV	EAX,DWORD [-1116+EBP]
   464 00000516 6A 2B                           	PUSH	43
   465 00000518 83 C0 07                        	ADD	EAX,7
   466 0000051B 50                              	PUSH	EAX
   467 0000051C 6A 1C                           	PUSH	28
   468 0000051E FF B5 FFFFFBA4                  	PUSH	DWORD [-1116+EBP]
   469 00000524 FF B5 FFFFFBA0                  	PUSH	DWORD [-1120+EBP]
   470 0000052A FF 73 04                        	PUSH	DWORD [4+EBX]
   471 0000052D FF 33                           	PUSH	DWORD [EBX]
   472 0000052F E8 [00000000]                   	CALL	_boxfill8
   473 00000534 8B 85 FFFFFBA4                  	MOV	EAX,DWORD [-1116+EBP]
   474 0000053A 83 C4 24                        	ADD	ESP,36
   475 0000053D 83 C0 08                        	ADD	EAX,8
   476 00000540 6A 2C                           	PUSH	44
   477 00000542 50                              	PUSH	EAX
   478 00000543 6A 1C                           	PUSH	28
   479 00000545 FF B5 FFFFFBA4                  	PUSH	DWORD [-1116+EBP]
   480 0000054B 53                              	PUSH	EBX
   481 0000054C E8 [00000000]                   	CALL	_sheet_refresh
   482 00000551 83 C4 14                        	ADD	ESP,20
   483 00000554 E9 FFFFFF1E                     	JMP	L2
   484 00000559                                 L30:
   485 00000559 6A 01                           	PUSH	1
   486 0000055B 56                              	PUSH	ESI
   487 0000055C FF B5 FFFFFBB0                  	PUSH	DWORD [-1104+EBP]
   488 00000562 E8 [00000000]                   	CALL	_timer_init
   489 00000567 C7 85 FFFFFBA0 00000007         	MOV	DWORD [-1120+EBP],7
   490 00000571 EB 87                           	JMP	L34
   491 00000573                                 L40:
   492 00000573 6A 06                           	PUSH	6
   493 00000575 68 [00000080]                   	PUSH	LC7
   494 0000057A 6A 0E                           	PUSH	14
   495 0000057C 6A 07                           	PUSH	7
   496 0000057E 6A 50                           	PUSH	80
   497 00000580                                 L33:
   498 00000580 6A 00                           	PUSH	0
   499 00000582 FF B5 FFFFFB98                  	PUSH	DWORD [-1128+EBP]
   500 00000588 E8 000003E8                     	CALL	_putfonts8_asc_sht
   501 0000058D E9 FFFFFEE2                     	JMP	L32
   502 00000592                                 L39:
   503 00000592 6A 07                           	PUSH	7
   504 00000594 68 [00000087]                   	PUSH	LC6
   505 00000599 6A 0E                           	PUSH	14
   506 0000059B 6A 07                           	PUSH	7
   507 0000059D 6A 40                           	PUSH	64
   508 0000059F EB DF                           	JMP	L33
   509 000005A1                                 L38:
   510 000005A1 0F B6 C3                        	MOVZX	EAX,BL
   511 000005A4 50                              	PUSH	EAX
   512 000005A5 8D 85 FFFFFD94                  	LEA	EAX,DWORD [-620+EBP]
   513 000005AB 50                              	PUSH	EAX
   514 000005AC E8 [00000000]                   	CALL	_mouse_decode
   515 000005B1 5A                              	POP	EDX
   516 000005B2 59                              	POP	ECX
   517 000005B3 85 C0                           	TEST	EAX,EAX
   518 000005B5 0F 84 FFFFFEBC                  	JE	L2
   519 000005BB FF B5 FFFFFD9C                  	PUSH	DWORD [-612+EBP]
   520 000005C1 FF B5 FFFFFD98                  	PUSH	DWORD [-616+EBP]
   521 000005C7 68 [0000008F]                   	PUSH	LC5
   522 000005CC 8D 5D A4                        	LEA	EBX,DWORD [-92+EBP]
   523 000005CF 53                              	PUSH	EBX
   524 000005D0 E8 [00000000]                   	CALL	_sprintf
   525 000005D5 83 C4 10                        	ADD	ESP,16
   526 000005D8 8B 85 FFFFFDA0                  	MOV	EAX,DWORD [-608+EBP]
   527 000005DE A9 00000001                     	TEST	EAX,1
   528 000005E3 74 04                           	JE	L16
   529 000005E5 C6 45 A5 4C                     	MOV	BYTE [-91+EBP],76
   530 000005E9                                 L16:
   531 000005E9 A9 00000002                     	TEST	EAX,2
   532 000005EE 74 04                           	JE	L17
   533 000005F0 C6 45 A7 52                     	MOV	BYTE [-89+EBP],82
   534 000005F4                                 L17:
   535 000005F4 83 E0 04                        	AND	EAX,4
   536 000005F7 74 04                           	JE	L18
   537 000005F9 C6 45 A6 43                     	MOV	BYTE [-90+EBP],67
   538 000005FD                                 L18:
   539 000005FD 6A 0F                           	PUSH	15
   540 000005FF 53                              	PUSH	EBX
   541 00000600 6A 0E                           	PUSH	14
   542 00000602 6A 07                           	PUSH	7
   543 00000604 6A 10                           	PUSH	16
   544 00000606 6A 20                           	PUSH	32
   545 00000608 FF B5 FFFFFB98                  	PUSH	DWORD [-1128+EBP]
   546 0000060E E8 00000362                     	CALL	_putfonts8_asc_sht
   547 00000613 8B 95 FFFFFD98                  	MOV	EDX,DWORD [-616+EBP]
   548 00000619 03 BD FFFFFD9C                  	ADD	EDI,DWORD [-612+EBP]
   549 0000061F 83 C4 1C                        	ADD	ESP,28
   550 00000622 01 95 FFFFFBA8                  	ADD	DWORD [-1112+EBP],EDX
   551 00000628 0F 88 000000A4                  	JS	L41
   552 0000062E                                 L19:
   553 0000062E 85 FF                           	TEST	EDI,EDI
   554 00000630 0F 88 00000095                  	JS	L42
   555 00000636                                 L20:
   556 00000636 0F BF 05 00000FF4               	MOVSX	EAX,WORD [4084]
   557 0000063D 48                              	DEC	EAX
   558 0000063E 39 85 FFFFFBA8                  	CMP	DWORD [-1112+EBP],EAX
   559 00000644 7E 06                           	JLE	L21
   560 00000646 89 85 FFFFFBA8                  	MOV	DWORD [-1112+EBP],EAX
   561 0000064C                                 L21:
   562 0000064C 0F BF 05 00000FF6               	MOVSX	EAX,WORD [4086]
   563 00000653 48                              	DEC	EAX
   564 00000654 39 C7                           	CMP	EDI,EAX
   565 00000656 7E 02                           	JLE	L22
   566 00000658 89 C7                           	MOV	EDI,EAX
   567 0000065A                                 L22:
   568 0000065A 57                              	PUSH	EDI
   569 0000065B FF B5 FFFFFBA8                  	PUSH	DWORD [-1112+EBP]
   570 00000661 68 [0000005B]                   	PUSH	LC1
   571 00000666 53                              	PUSH	EBX
   572 00000667 E8 [00000000]                   	CALL	_sprintf
   573 0000066C 6A 0A                           	PUSH	10
   574 0000066E 53                              	PUSH	EBX
   575 0000066F 6A 0E                           	PUSH	14
   576 00000671 6A 07                           	PUSH	7
   577 00000673 6A 00                           	PUSH	0
   578 00000675 6A 00                           	PUSH	0
   579 00000677 FF B5 FFFFFB98                  	PUSH	DWORD [-1128+EBP]
   580 0000067D E8 000002F3                     	CALL	_putfonts8_asc_sht
   581 00000682 83 C4 2C                        	ADD	ESP,44
   582 00000685 57                              	PUSH	EDI
   583 00000686 FF B5 FFFFFBA8                  	PUSH	DWORD [-1112+EBP]
   584 0000068C FF B5 FFFFFB94                  	PUSH	DWORD [-1132+EBP]
   585 00000692 E8 [00000000]                   	CALL	_sheet_slide
   586 00000697 83 C4 0C                        	ADD	ESP,12
   587 0000069A F7 85 FFFFFDA0 00000001         	TEST	DWORD [-608+EBP],1
   588 000006A4 0F 84 FFFFFDCD                  	JE	L2
   589 000006AA 8D 47 F8                        	LEA	EAX,DWORD [-8+EDI]
   590 000006AD 50                              	PUSH	EAX
   591 000006AE 8B 85 FFFFFBA8                  	MOV	EAX,DWORD [-1112+EBP]
   592 000006B4 83 E8 50                        	SUB	EAX,80
   593 000006B7 50                              	PUSH	EAX
   594 000006B8 FF B5 FFFFFB90                  	PUSH	DWORD [-1136+EBP]
   595 000006BE E8 [00000000]                   	CALL	_sheet_slide
   596 000006C3 83 C4 0C                        	ADD	ESP,12
   597 000006C6 E9 FFFFFDAC                     	JMP	L2
   598 000006CB                                 L42:
   599 000006CB 31 FF                           	XOR	EDI,EDI
   600 000006CD E9 FFFFFF64                     	JMP	L20
   601 000006D2                                 L41:
   602 000006D2 C7 85 FFFFFBA8 00000000         	MOV	DWORD [-1112+EBP],0
   603 000006DC E9 FFFFFF4D                     	JMP	L19
   604 000006E1                                 L37:
   605 000006E1 50                              	PUSH	EAX
   606 000006E2 8D 75 A4                        	LEA	ESI,DWORD [-92+EBP]
   607 000006E5 68 [0000009D]                   	PUSH	LC3
   608 000006EA 56                              	PUSH	ESI
   609 000006EB E8 [00000000]                   	CALL	_sprintf
   610 000006F0 6A 02                           	PUSH	2
   611 000006F2 56                              	PUSH	ESI
   612 000006F3 6A 0E                           	PUSH	14
   613 000006F5 6A 07                           	PUSH	7
   614 000006F7 6A 10                           	PUSH	16
   615 000006F9 6A 00                           	PUSH	0
   616 000006FB FF B5 FFFFFB98                  	PUSH	DWORD [-1128+EBP]
   617 00000701 E8 0000026F                     	CALL	_putfonts8_asc_sht
   618 00000706 83 C4 28                        	ADD	ESP,40
   619 00000709 81 FB 00000153                  	CMP	EBX,339
   620 0000070F 7F 41                           	JG	L10
   621 00000711 8A 83 [FFFFFF00]                	MOV	AL,BYTE [_keytable.0-256+EBX]
   622 00000717 84 C0                           	TEST	AL,AL
   623 00000719 74 37                           	JE	L10
   624 0000071B 81 BD FFFFFBA4 0000008F         	CMP	DWORD [-1116+EBP],143
   625 00000725 7F 2B                           	JG	L10
   626 00000727 6A 01                           	PUSH	1
   627 00000729 88 45 A4                        	MOV	BYTE [-92+EBP],AL
   628 0000072C 56                              	PUSH	ESI
   629 0000072D 6A 07                           	PUSH	7
   630 0000072F 6A 00                           	PUSH	0
   631 00000731 6A 1C                           	PUSH	28
   632 00000733 FF B5 FFFFFBA4                  	PUSH	DWORD [-1116+EBP]
   633 00000739 FF B5 FFFFFB90                  	PUSH	DWORD [-1136+EBP]
   634 0000073F C6 45 A5 00                     	MOV	BYTE [-91+EBP],0
   635 00000743 E8 0000022D                     	CALL	_putfonts8_asc_sht
   636 00000748 83 C4 1C                        	ADD	ESP,28
   637 0000074B 83 85 FFFFFBA4 08               	ADD	DWORD [-1116+EBP],8
   638 00000752                                 L10:
   639 00000752 81 FB 0000010E                  	CMP	EBX,270
   640 00000758 74 51                           	JE	L43
   641 0000075A                                 L12:
   642 0000075A 8B 85 FFFFFBA4                  	MOV	EAX,DWORD [-1116+EBP]
   643 00000760 6A 2B                           	PUSH	43
   644 00000762 83 C0 07                        	ADD	EAX,7
   645 00000765 50                              	PUSH	EAX
   646 00000766 8B 85 FFFFFB90                  	MOV	EAX,DWORD [-1136+EBP]
   647 0000076C 6A 1C                           	PUSH	28
   648 0000076E FF B5 FFFFFBA4                  	PUSH	DWORD [-1116+EBP]
   649 00000774 FF B5 FFFFFBA0                  	PUSH	DWORD [-1120+EBP]
   650 0000077A FF 70 04                        	PUSH	DWORD [4+EAX]
   651 0000077D FF 30                           	PUSH	DWORD [EAX]
   652 0000077F E8 [00000000]                   	CALL	_boxfill8
   653 00000784 8B 85 FFFFFBA4                  	MOV	EAX,DWORD [-1116+EBP]
   654 0000078A 6A 2C                           	PUSH	44
   655 0000078C 83 C0 08                        	ADD	EAX,8
   656 0000078F 50                              	PUSH	EAX
   657 00000790 6A 1C                           	PUSH	28
   658 00000792 FF B5 FFFFFBA4                  	PUSH	DWORD [-1116+EBP]
   659 00000798 FF B5 FFFFFB90                  	PUSH	DWORD [-1136+EBP]
   660 0000079E E8 [00000000]                   	CALL	_sheet_refresh
   661 000007A3 83 C4 30                        	ADD	ESP,48
   662 000007A6 E9 FFFFFCCC                     	JMP	L2
   663 000007AB                                 L43:
   664 000007AB 83 BD FFFFFBA4 08               	CMP	DWORD [-1116+EBP],8
   665 000007B2 7E A6                           	JLE	L12
   666 000007B4 6A 01                           	PUSH	1
   667 000007B6 68 [000000A2]                   	PUSH	LC4
   668 000007BB 6A 07                           	PUSH	7
   669 000007BD 6A 00                           	PUSH	0
   670 000007BF 6A 1C                           	PUSH	28
   671 000007C1 FF B5 FFFFFBA4                  	PUSH	DWORD [-1116+EBP]
   672 000007C7 FF B5 FFFFFB90                  	PUSH	DWORD [-1136+EBP]
   673 000007CD E8 000001A3                     	CALL	_putfonts8_asc_sht
   674 000007D2 83 C4 1C                        	ADD	ESP,28
   675 000007D5 83 AD FFFFFBA4 08               	SUB	DWORD [-1116+EBP],8
   676 000007DC E9 FFFFFF79                     	JMP	L12
   677 000007E1                                 L36:
   678 000007E1 6A 20                           	PUSH	32
   679 000007E3 6A 00                           	PUSH	0
   680 000007E5 E8 [00000000]                   	CALL	_farjmp
   681 000007EA 6A 02                           	PUSH	2
   682 000007EC FF B5 FFFFFBAC                  	PUSH	DWORD [-1108+EBP]
   683 000007F2 E8 [00000000]                   	CALL	_timer_settime
   684 000007F7 83 C4 10                        	ADD	ESP,16
   685 000007FA E9 FFFFFC78                     	JMP	L2
   686 000007FF                                 L35:
   687 000007FF E8 [00000000]                   	CALL	_io_stihlt
   688 00000804 E9 FFFFFC6E                     	JMP	L2
   689                                          [SECTION .data]
   690 000000A4                                 _closebtn.1:
   691 000000A4 4F 4F 4F 4F 4F 4F 4F 4F 4F 4F   	DB	"OOOOOOOOOOOOOOO@"
       000000AE 4F 4F 4F 4F 4F 40 
   692 000000B4 4F 51 51 51 51 51 51 51 51 51   	DB	"OQQQQQQQQQQQQQ$@"
       000000BE 51 51 51 51 24 40 
   693 000000C4 4F 51 51 51 51 51 51 51 51 51   	DB	"OQQQQQQQQQQQQQ$@"
       000000CE 51 51 51 51 24 40 
   694 000000D4 4F 51 51 51 40 40 51 51 51 51   	DB	"OQQQ@@QQQQ@@QQ$@"
       000000DE 40 40 51 51 24 40 
   695 000000E4 4F 51 51 51 51 40 40 51 51 40   	DB	"OQQQQ@@QQ@@QQQ$@"
       000000EE 40 51 51 51 24 40 
   696 000000F4 4F 51 51 51 51 51 40 40 40 40   	DB	"OQQQQQ@@@@QQQQ$@"
       000000FE 51 51 51 51 24 40 
   697 00000104 4F 51 51 51 51 51 51 40 40 51   	DB	"OQQQQQQ@@QQQQQ$@"
       0000010E 51 51 51 51 24 40 
   698 00000114 4F 51 51 51 51 51 40 40 40 40   	DB	"OQQQQQ@@@@QQQQ$@"
       0000011E 51 51 51 51 24 40 
   699 00000124 4F 51 51 51 51 40 40 51 51 40   	DB	"OQQQQ@@QQ@@QQQ$@"
       0000012E 40 51 51 51 24 40 
   700 00000134 4F 51 51 51 40 40 51 51 51 51   	DB	"OQQQ@@QQQQ@@QQ$@"
       0000013E 40 40 51 51 24 40 
   701 00000144 4F 51 51 51 51 51 51 51 51 51   	DB	"OQQQQQQQQQQQQQ$@"
       0000014E 51 51 51 51 24 40 
   702 00000154 4F 51 51 51 51 51 51 51 51 51   	DB	"OQQQQQQQQQQQQQ$@"
       0000015E 51 51 51 51 24 40 
   703 00000164 4F 24 24 24 24 24 24 24 24 24   	DB	"O$$$$$$$$$$$$$$@"
       0000016E 24 24 24 24 24 40 
   704 00000174 40 40 40 40 40 40 40 40 40 40   	DB	"@@@@@@@@@@@@@@@@"
       0000017E 40 40 40 40 40 40 
   705                                          [SECTION .text]
   706 00000809                                 	GLOBAL	_make_window8
   707 00000809                                 _make_window8:
   708 00000809 55                              	PUSH	EBP
   709 0000080A 89 E5                           	MOV	EBP,ESP
   710 0000080C 57                              	PUSH	EDI
   711 0000080D 56                              	PUSH	ESI
   712 0000080E 53                              	PUSH	EBX
   713 0000080F 83 EC 14                        	SUB	ESP,20
   714 00000812 8B 5D 0C                        	MOV	EBX,DWORD [12+EBP]
   715 00000815 6A 00                           	PUSH	0
   716 00000817 8D 43 FF                        	LEA	EAX,DWORD [-1+EBX]
   717 0000081A 8D 7B FE                        	LEA	EDI,DWORD [-2+EBX]
   718 0000081D 50                              	PUSH	EAX
   719 0000081E 89 45 EC                        	MOV	DWORD [-20+EBP],EAX
   720 00000821 6A 00                           	PUSH	0
   721 00000823 6A 00                           	PUSH	0
   722 00000825 6A 08                           	PUSH	8
   723 00000827 53                              	PUSH	EBX
   724 00000828 FF 75 08                        	PUSH	DWORD [8+EBP]
   725 0000082B E8 [00000000]                   	CALL	_boxfill8
   726 00000830 6A 01                           	PUSH	1
   727 00000832 57                              	PUSH	EDI
   728 00000833 6A 01                           	PUSH	1
   729 00000835 6A 01                           	PUSH	1
   730 00000837 6A 07                           	PUSH	7
   731 00000839 53                              	PUSH	EBX
   732 0000083A FF 75 08                        	PUSH	DWORD [8+EBP]
   733 0000083D E8 [00000000]                   	CALL	_boxfill8
   734 00000842 8B 55 10                        	MOV	EDX,DWORD [16+EBP]
   735 00000845 83 C4 38                        	ADD	ESP,56
   736 00000848 4A                              	DEC	EDX
   737 00000849 89 55 E8                        	MOV	DWORD [-24+EBP],EDX
   738 0000084C 52                              	PUSH	EDX
   739 0000084D 6A 00                           	PUSH	0
   740 0000084F 6A 00                           	PUSH	0
   741 00000851 6A 00                           	PUSH	0
   742 00000853 6A 08                           	PUSH	8
   743 00000855 53                              	PUSH	EBX
   744 00000856 FF 75 08                        	PUSH	DWORD [8+EBP]
   745 00000859 E8 [00000000]                   	CALL	_boxfill8
   746 0000085E 8B 75 10                        	MOV	ESI,DWORD [16+EBP]
   747 00000861 83 EE 02                        	SUB	ESI,2
   748 00000864 56                              	PUSH	ESI
   749 00000865 6A 01                           	PUSH	1
   750 00000867 6A 01                           	PUSH	1
   751 00000869 6A 01                           	PUSH	1
   752 0000086B 6A 07                           	PUSH	7
   753 0000086D 53                              	PUSH	EBX
   754 0000086E FF 75 08                        	PUSH	DWORD [8+EBP]
   755 00000871 E8 [00000000]                   	CALL	_boxfill8
   756 00000876 83 C4 38                        	ADD	ESP,56
   757 00000879 56                              	PUSH	ESI
   758 0000087A 57                              	PUSH	EDI
   759 0000087B 6A 01                           	PUSH	1
   760 0000087D 57                              	PUSH	EDI
   761 0000087E 6A 0F                           	PUSH	15
   762 00000880 53                              	PUSH	EBX
   763 00000881 FF 75 08                        	PUSH	DWORD [8+EBP]
   764 00000884 E8 [00000000]                   	CALL	_boxfill8
   765 00000889 FF 75 E8                        	PUSH	DWORD [-24+EBP]
   766 0000088C FF 75 EC                        	PUSH	DWORD [-20+EBP]
   767 0000088F 6A 00                           	PUSH	0
   768 00000891 FF 75 EC                        	PUSH	DWORD [-20+EBP]
   769 00000894 6A 00                           	PUSH	0
   770 00000896 53                              	PUSH	EBX
   771 00000897 FF 75 08                        	PUSH	DWORD [8+EBP]
   772 0000089A E8 [00000000]                   	CALL	_boxfill8
   773 0000089F 8B 45 10                        	MOV	EAX,DWORD [16+EBP]
   774 000008A2 83 C4 38                        	ADD	ESP,56
   775 000008A5 83 E8 03                        	SUB	EAX,3
   776 000008A8 50                              	PUSH	EAX
   777 000008A9 8D 43 FD                        	LEA	EAX,DWORD [-3+EBX]
   778 000008AC 50                              	PUSH	EAX
   779 000008AD 6A 02                           	PUSH	2
   780 000008AF 6A 02                           	PUSH	2
   781 000008B1 6A 08                           	PUSH	8
   782 000008B3 53                              	PUSH	EBX
   783 000008B4 FF 75 08                        	PUSH	DWORD [8+EBP]
   784 000008B7 E8 [00000000]                   	CALL	_boxfill8
   785 000008BC 8D 43 FC                        	LEA	EAX,DWORD [-4+EBX]
   786 000008BF 6A 14                           	PUSH	20
   787 000008C1 50                              	PUSH	EAX
   788 000008C2 6A 03                           	PUSH	3
   789 000008C4 6A 03                           	PUSH	3
   790 000008C6 6A 0C                           	PUSH	12
   791 000008C8 53                              	PUSH	EBX
   792 000008C9 FF 75 08                        	PUSH	DWORD [8+EBP]
   793 000008CC E8 [00000000]                   	CALL	_boxfill8
   794 000008D1 83 C4 38                        	ADD	ESP,56
   795 000008D4 56                              	PUSH	ESI
   796 000008D5 57                              	PUSH	EDI
   797 000008D6 56                              	PUSH	ESI
   798 000008D7 6A 01                           	PUSH	1
   799 000008D9 6A 0F                           	PUSH	15
   800 000008DB 53                              	PUSH	EBX
   801 000008DC FF 75 08                        	PUSH	DWORD [8+EBP]
   802 000008DF E8 [00000000]                   	CALL	_boxfill8
   803 000008E4 FF 75 E8                        	PUSH	DWORD [-24+EBP]
   804 000008E7 FF 75 EC                        	PUSH	DWORD [-20+EBP]
   805 000008EA FF 75 E8                        	PUSH	DWORD [-24+EBP]
   806 000008ED 6A 00                           	PUSH	0
   807 000008EF 6A 00                           	PUSH	0
   808 000008F1 6B F3 05                        	IMUL	ESI,EBX,5
   809 000008F4 53                              	PUSH	EBX
   810 000008F5 FF 75 08                        	PUSH	DWORD [8+EBP]
   811 000008F8 E8 [00000000]                   	CALL	_boxfill8
   812 000008FD 83 C4 38                        	ADD	ESP,56
   813 00000900 FF 75 14                        	PUSH	DWORD [20+EBP]
   814 00000903 6A 07                           	PUSH	7
   815 00000905 6A 04                           	PUSH	4
   816 00000907 6A 18                           	PUSH	24
   817 00000909 53                              	PUSH	EBX
   818 0000090A FF 75 08                        	PUSH	DWORD [8+EBP]
   819 0000090D E8 [00000000]                   	CALL	_putfonts8_asc
   820 00000912 83 C4 18                        	ADD	ESP,24
   821 00000915 C7 45 F0 00000000               	MOV	DWORD [-16+EBP],0
   822 0000091C C7 45 E0 00000000               	MOV	DWORD [-32+EBP],0
   823 00000923                                 L60:
   824 00000923 8D 04 1E                        	LEA	EAX,DWORD [ESI+EBX*1]
   825 00000926 8B 55 08                        	MOV	EDX,DWORD [8+EBP]
   826 00000929 31 FF                           	XOR	EDI,EDI
   827 0000092B 8D 4C 02 EB                     	LEA	ECX,DWORD [-21+EDX+EAX*1]
   828 0000092F                                 L59:
   829 0000092F 8B 45 E0                        	MOV	EAX,DWORD [-32+EBP]
   830 00000932 8A 94 07 [000000A4]             	MOV	DL,BYTE [_closebtn.1+EDI+EAX*1]
   831 00000939 80 FA 40                        	CMP	DL,64
   832 0000093C 74 33                           	JE	L65
   833 0000093E 80 FA 24                        	CMP	DL,36
   834 00000941 74 2A                           	JE	L66
   835 00000943 80 FA 51                        	CMP	DL,81
   836 00000946 B2 08                           	MOV	DL,8
   837 00000948 0F 95 C0                        	SETNE	AL
   838 0000094B 28 C2                           	SUB	DL,AL
   839 0000094D                                 L54:
   840 0000094D 47                              	INC	EDI
   841 0000094E 88 11                           	MOV	BYTE [ECX],DL
   842 00000950 41                              	INC	ECX
   843 00000951 83 FF 0F                        	CMP	EDI,15
   844 00000954 7E D9                           	JLE	L59
   845 00000956 FF 45 F0                        	INC	DWORD [-16+EBP]
   846 00000959 01 DE                           	ADD	ESI,EBX
   847 0000095B 83 45 E0 10                     	ADD	DWORD [-32+EBP],16
   848 0000095F 83 7D F0 0D                     	CMP	DWORD [-16+EBP],13
   849 00000963 7E BE                           	JLE	L60
   850 00000965 8D 65 F4                        	LEA	ESP,DWORD [-12+EBP]
   851 00000968 5B                              	POP	EBX
   852 00000969 5E                              	POP	ESI
   853 0000096A 5F                              	POP	EDI
   854 0000096B 5D                              	POP	EBP
   855 0000096C C3                              	RET
   856 0000096D                                 L66:
   857 0000096D B2 0F                           	MOV	DL,15
   858 0000096F EB DC                           	JMP	L54
   859 00000971                                 L65:
   860 00000971 31 D2                           	XOR	EDX,EDX
   861 00000973 EB D8                           	JMP	L54
   862 00000975                                 	GLOBAL	_putfonts8_asc_sht
   863 00000975                                 _putfonts8_asc_sht:
   864 00000975 55                              	PUSH	EBP
   865 00000976 89 E5                           	MOV	EBP,ESP
   866 00000978 57                              	PUSH	EDI
   867 00000979 56                              	PUSH	ESI
   868 0000097A 53                              	PUSH	EBX
   869 0000097B 83 EC 0C                        	SUB	ESP,12
   870 0000097E 8B 45 08                        	MOV	EAX,DWORD [8+EBP]
   871 00000981 8B 7D 10                        	MOV	EDI,DWORD [16+EBP]
   872 00000984 89 45 F0                        	MOV	DWORD [-16+EBP],EAX
   873 00000987 8B 5D 14                        	MOV	EBX,DWORD [20+EBP]
   874 0000098A 8B 45 0C                        	MOV	EAX,DWORD [12+EBP]
   875 0000098D 89 45 EC                        	MOV	DWORD [-20+EBP],EAX
   876 00000990 8B 45 1C                        	MOV	EAX,DWORD [28+EBP]
   877 00000993 89 45 E8                        	MOV	DWORD [-24+EBP],EAX
   878 00000996 8D 47 0F                        	LEA	EAX,DWORD [15+EDI]
   879 00000999 50                              	PUSH	EAX
   880 0000099A 8B 45 EC                        	MOV	EAX,DWORD [-20+EBP]
   881 0000099D 8B 75 20                        	MOV	ESI,DWORD [32+EBP]
   882 000009A0 0F BE DB                        	MOVSX	EBX,BL
   883 000009A3 8D 34 F0                        	LEA	ESI,DWORD [EAX+ESI*8]
   884 000009A6 8D 46 FF                        	LEA	EAX,DWORD [-1+ESI]
   885 000009A9 50                              	PUSH	EAX
   886 000009AA 57                              	PUSH	EDI
   887 000009AB FF 75 EC                        	PUSH	DWORD [-20+EBP]
   888 000009AE 0F B6 45 18                     	MOVZX	EAX,BYTE [24+EBP]
   889 000009B2 50                              	PUSH	EAX
   890 000009B3 8B 45 F0                        	MOV	EAX,DWORD [-16+EBP]
   891 000009B6 FF 70 04                        	PUSH	DWORD [4+EAX]
   892 000009B9 FF 30                           	PUSH	DWORD [EAX]
   893 000009BB E8 [00000000]                   	CALL	_boxfill8
   894 000009C0 FF 75 E8                        	PUSH	DWORD [-24+EBP]
   895 000009C3 53                              	PUSH	EBX
   896 000009C4 57                              	PUSH	EDI
   897 000009C5 FF 75 EC                        	PUSH	DWORD [-20+EBP]
   898 000009C8 8B 45 F0                        	MOV	EAX,DWORD [-16+EBP]
   899 000009CB FF 70 04                        	PUSH	DWORD [4+EAX]
   900 000009CE FF 30                           	PUSH	DWORD [EAX]
   901 000009D0 E8 [00000000]                   	CALL	_putfonts8_asc
   902 000009D5 89 7D 10                        	MOV	DWORD [16+EBP],EDI
   903 000009D8 8D 47 10                        	LEA	EAX,DWORD [16+EDI]
   904 000009DB 89 75 14                        	MOV	DWORD [20+EBP],ESI
   905 000009DE 89 45 18                        	MOV	DWORD [24+EBP],EAX
   906 000009E1 83 C4 34                        	ADD	ESP,52
   907 000009E4 8B 45 EC                        	MOV	EAX,DWORD [-20+EBP]
   908 000009E7 89 45 0C                        	MOV	DWORD [12+EBP],EAX
   909 000009EA 8B 45 F0                        	MOV	EAX,DWORD [-16+EBP]
   910 000009ED 89 45 08                        	MOV	DWORD [8+EBP],EAX
   911 000009F0 8D 65 F4                        	LEA	ESP,DWORD [-12+EBP]
   912 000009F3 5B                              	POP	EBX
   913 000009F4 5E                              	POP	ESI
   914 000009F5 5F                              	POP	EDI
   915 000009F6 5D                              	POP	EBP
   916 000009F7 E9 [00000000]                   	JMP	_sheet_refresh
   917 000009FC                                 	GLOBAL	_make_textbox8
   918 000009FC                                 _make_textbox8:
   919 000009FC 55                              	PUSH	EBP
   920 000009FD 89 E5                           	MOV	EBP,ESP
   921 000009FF 57                              	PUSH	EDI
   922 00000A00 56                              	PUSH	ESI
   923 00000A01 53                              	PUSH	EBX
   924 00000A02 83 EC 14                        	SUB	ESP,20
   925 00000A05 8B 45 0C                        	MOV	EAX,DWORD [12+EBP]
   926 00000A08 8B 75 10                        	MOV	ESI,DWORD [16+EBP]
   927 00000A0B 03 45 14                        	ADD	EAX,DWORD [20+EBP]
   928 00000A0E 83 EE 03                        	SUB	ESI,3
   929 00000A11 56                              	PUSH	ESI
   930 00000A12 89 45 F0                        	MOV	DWORD [-16+EBP],EAX
   931 00000A15 8B 45 10                        	MOV	EAX,DWORD [16+EBP]
   932 00000A18 03 45 18                        	ADD	EAX,DWORD [24+EBP]
   933 00000A1B 89 45 EC                        	MOV	DWORD [-20+EBP],EAX
   934 00000A1E 8B 45 F0                        	MOV	EAX,DWORD [-16+EBP]
   935 00000A21 40                              	INC	EAX
   936 00000A22 50                              	PUSH	EAX
   937 00000A23 89 45 E8                        	MOV	DWORD [-24+EBP],EAX
   938 00000A26 8B 45 0C                        	MOV	EAX,DWORD [12+EBP]
   939 00000A29 56                              	PUSH	ESI
   940 00000A2A 83 E8 02                        	SUB	EAX,2
   941 00000A2D 50                              	PUSH	EAX
   942 00000A2E 89 45 E4                        	MOV	DWORD [-28+EBP],EAX
   943 00000A31 8B 45 08                        	MOV	EAX,DWORD [8+EBP]
   944 00000A34 6A 0F                           	PUSH	15
   945 00000A36 FF 70 04                        	PUSH	DWORD [4+EAX]
   946 00000A39 FF 30                           	PUSH	DWORD [EAX]
   947 00000A3B E8 [00000000]                   	CALL	_boxfill8
   948 00000A40 8B 7D 0C                        	MOV	EDI,DWORD [12+EBP]
   949 00000A43 8B 45 EC                        	MOV	EAX,DWORD [-20+EBP]
   950 00000A46 83 EF 03                        	SUB	EDI,3
   951 00000A49 40                              	INC	EAX
   952 00000A4A 50                              	PUSH	EAX
   953 00000A4B 89 45 E0                        	MOV	DWORD [-32+EBP],EAX
   954 00000A4E 57                              	PUSH	EDI
   955 00000A4F 8B 45 08                        	MOV	EAX,DWORD [8+EBP]
   956 00000A52 56                              	PUSH	ESI
   957 00000A53 57                              	PUSH	EDI
   958 00000A54 6A 0F                           	PUSH	15
   959 00000A56 FF 70 04                        	PUSH	DWORD [4+EAX]
   960 00000A59 FF 30                           	PUSH	DWORD [EAX]
   961 00000A5B E8 [00000000]                   	CALL	_boxfill8
   962 00000A60 8B 45 08                        	MOV	EAX,DWORD [8+EBP]
   963 00000A63 83 C4 38                        	ADD	ESP,56
   964 00000A66 8B 5D EC                        	MOV	EBX,DWORD [-20+EBP]
   965 00000A69 83 C3 02                        	ADD	EBX,2
   966 00000A6C 53                              	PUSH	EBX
   967 00000A6D FF 75 E8                        	PUSH	DWORD [-24+EBP]
   968 00000A70 53                              	PUSH	EBX
   969 00000A71 57                              	PUSH	EDI
   970 00000A72 6A 07                           	PUSH	7
   971 00000A74 FF 70 04                        	PUSH	DWORD [4+EAX]
   972 00000A77 FF 30                           	PUSH	DWORD [EAX]
   973 00000A79 E8 [00000000]                   	CALL	_boxfill8
   974 00000A7E 8B 45 F0                        	MOV	EAX,DWORD [-16+EBP]
   975 00000A81 53                              	PUSH	EBX
   976 00000A82 83 C0 02                        	ADD	EAX,2
   977 00000A85 50                              	PUSH	EAX
   978 00000A86 56                              	PUSH	ESI
   979 00000A87 50                              	PUSH	EAX
   980 00000A88 8B 45 08                        	MOV	EAX,DWORD [8+EBP]
   981 00000A8B 6A 07                           	PUSH	7
   982 00000A8D FF 70 04                        	PUSH	DWORD [4+EAX]
   983 00000A90 FF 30                           	PUSH	DWORD [EAX]
   984 00000A92 E8 [00000000]                   	CALL	_boxfill8
   985 00000A97 8B 45 08                        	MOV	EAX,DWORD [8+EBP]
   986 00000A9A 83 C4 38                        	ADD	ESP,56
   987 00000A9D 8B 5D 10                        	MOV	EBX,DWORD [16+EBP]
   988 00000AA0 83 EB 02                        	SUB	EBX,2
   989 00000AA3 8B 7D 0C                        	MOV	EDI,DWORD [12+EBP]
   990 00000AA6 53                              	PUSH	EBX
   991 00000AA7 4F                              	DEC	EDI
   992 00000AA8 FF 75 F0                        	PUSH	DWORD [-16+EBP]
   993 00000AAB 53                              	PUSH	EBX
   994 00000AAC 57                              	PUSH	EDI
   995 00000AAD 6A 00                           	PUSH	0
   996 00000AAF FF 70 04                        	PUSH	DWORD [4+EAX]
   997 00000AB2 FF 30                           	PUSH	DWORD [EAX]
   998 00000AB4 E8 [00000000]                   	CALL	_boxfill8
   999 00000AB9 8B 45 08                        	MOV	EAX,DWORD [8+EBP]
  1000 00000ABC FF 75 EC                        	PUSH	DWORD [-20+EBP]
  1001 00000ABF FF 75 E4                        	PUSH	DWORD [-28+EBP]
  1002 00000AC2 53                              	PUSH	EBX
  1003 00000AC3 FF 75 E4                        	PUSH	DWORD [-28+EBP]
  1004 00000AC6 6A 00                           	PUSH	0
  1005 00000AC8 FF 70 04                        	PUSH	DWORD [4+EAX]
  1006 00000ACB FF 30                           	PUSH	DWORD [EAX]
  1007 00000ACD E8 [00000000]                   	CALL	_boxfill8
  1008 00000AD2 8B 45 08                        	MOV	EAX,DWORD [8+EBP]
  1009 00000AD5 83 C4 38                        	ADD	ESP,56
  1010 00000AD8 FF 75 E0                        	PUSH	DWORD [-32+EBP]
  1011 00000ADB FF 75 F0                        	PUSH	DWORD [-16+EBP]
  1012 00000ADE FF 75 E0                        	PUSH	DWORD [-32+EBP]
  1013 00000AE1 FF 75 E4                        	PUSH	DWORD [-28+EBP]
  1014 00000AE4 6A 08                           	PUSH	8
  1015 00000AE6 FF 70 04                        	PUSH	DWORD [4+EAX]
  1016 00000AE9 FF 30                           	PUSH	DWORD [EAX]
  1017 00000AEB E8 [00000000]                   	CALL	_boxfill8
  1018 00000AF0 8B 45 08                        	MOV	EAX,DWORD [8+EBP]
  1019 00000AF3 FF 75 E0                        	PUSH	DWORD [-32+EBP]
  1020 00000AF6 FF 75 E8                        	PUSH	DWORD [-24+EBP]
  1021 00000AF9 53                              	PUSH	EBX
  1022 00000AFA FF 75 E8                        	PUSH	DWORD [-24+EBP]
  1023 00000AFD 6A 08                           	PUSH	8
  1024 00000AFF FF 70 04                        	PUSH	DWORD [4+EAX]
  1025 00000B02 FF 30                           	PUSH	DWORD [EAX]
  1026 00000B04 E8 [00000000]                   	CALL	_boxfill8
  1027 00000B09 8B 45 10                        	MOV	EAX,DWORD [16+EBP]
  1028 00000B0C 83 C4 38                        	ADD	ESP,56
  1029 00000B0F 48                              	DEC	EAX
  1030 00000B10 FF 75 EC                        	PUSH	DWORD [-20+EBP]
  1031 00000B13 FF 75 F0                        	PUSH	DWORD [-16+EBP]
  1032 00000B16 50                              	PUSH	EAX
  1033 00000B17 57                              	PUSH	EDI
  1034 00000B18 0F B6 45 1C                     	MOVZX	EAX,BYTE [28+EBP]
  1035 00000B1C 50                              	PUSH	EAX
  1036 00000B1D 8B 45 08                        	MOV	EAX,DWORD [8+EBP]
  1037 00000B20 FF 70 04                        	PUSH	DWORD [4+EAX]
  1038 00000B23 FF 30                           	PUSH	DWORD [EAX]
  1039 00000B25 E8 [00000000]                   	CALL	_boxfill8
  1040 00000B2A 8D 65 F4                        	LEA	ESP,DWORD [-12+EBP]
  1041 00000B2D 5B                              	POP	EBX
  1042 00000B2E 5E                              	POP	ESI
  1043 00000B2F 5F                              	POP	EDI
  1044 00000B30 5D                              	POP	EBP
  1045 00000B31 C3                              	RET
  1046                                          [SECTION .data]
  1047 00000184                                 LC8:
  1048 00000184 25 31 31 64 00                  	DB	"%11d",0x00
  1049                                          [SECTION .text]
  1050 00000B32                                 	GLOBAL	_task_b_main
  1051 00000B32                                 _task_b_main:
  1052 00000B32 55                              	PUSH	EBP
  1053 00000B33 89 E5                           	MOV	EBP,ESP
  1054 00000B35 57                              	PUSH	EDI
  1055 00000B36 56                              	PUSH	ESI
  1056 00000B37 53                              	PUSH	EBX
  1057 00000B38 8D 85 FFFFFDD4                  	LEA	EAX,DWORD [-556+EBP]
  1058 00000B3E 81 EC 00000234                  	SUB	ESP,564
  1059 00000B44 8D 5D D4                        	LEA	EBX,DWORD [-44+EBP]
  1060 00000B47 C7 85 FFFFFDC0 00000000         	MOV	DWORD [-576+EBP],0
  1061 00000B51 50                              	PUSH	EAX
  1062 00000B52 68 00000080                     	PUSH	128
  1063 00000B57 53                              	PUSH	EBX
  1064 00000B58 E8 [00000000]                   	CALL	_fifo32_init
  1065 00000B5D E8 [00000000]                   	CALL	_timer_alloc
  1066 00000B62 6A 02                           	PUSH	2
  1067 00000B64 53                              	PUSH	EBX
  1068 00000B65 89 C7                           	MOV	EDI,EAX
  1069 00000B67 50                              	PUSH	EAX
  1070 00000B68 E8 [00000000]                   	CALL	_timer_init
  1071 00000B6D 6A 02                           	PUSH	2
  1072 00000B6F 57                              	PUSH	EDI
  1073 00000B70 E8 [00000000]                   	CALL	_timer_settime
  1074 00000B75 83 C4 20                        	ADD	ESP,32
  1075 00000B78 E8 [00000000]                   	CALL	_timer_alloc
  1076 00000B7D 6A 01                           	PUSH	1
  1077 00000B7F 89 C6                           	MOV	ESI,EAX
  1078 00000B81 53                              	PUSH	EBX
  1079 00000B82 50                              	PUSH	EAX
  1080 00000B83 E8 [00000000]                   	CALL	_timer_init
  1081 00000B88 6A 01                           	PUSH	1
  1082 00000B8A 56                              	PUSH	ESI
  1083 00000B8B E8 [00000000]                   	CALL	_timer_settime
  1084 00000B90 83 C4 14                        	ADD	ESP,20
  1085 00000B93                                 L70:
  1086 00000B93 8D 5D D4                        	LEA	EBX,DWORD [-44+EBP]
  1087 00000B96 FF 85 FFFFFDC0                  	INC	DWORD [-576+EBP]
  1088 00000B9C E8 [00000000]                   	CALL	_io_cli
  1089 00000BA1 53                              	PUSH	EBX
  1090 00000BA2 E8 [00000000]                   	CALL	_fifo32_status
  1091 00000BA7 5A                              	POP	EDX
  1092 00000BA8 85 C0                           	TEST	EAX,EAX
  1093 00000BAA 74 6D                           	JE	L78
  1094 00000BAC 53                              	PUSH	EBX
  1095 00000BAD E8 [00000000]                   	CALL	_fifo32_get
  1096 00000BB2 89 C3                           	MOV	EBX,EAX
  1097 00000BB4 E8 [00000000]                   	CALL	_io_sti
  1098 00000BB9 58                              	POP	EAX
  1099 00000BBA 83 FB 01                        	CMP	EBX,1
  1100 00000BBD 74 1B                           	JE	L79
  1101 00000BBF 83 FB 02                        	CMP	EBX,2
  1102 00000BC2 75 CF                           	JNE	L70
  1103 00000BC4 6A 18                           	PUSH	24
  1104 00000BC6 6A 00                           	PUSH	0
  1105 00000BC8 E8 [00000000]                   	CALL	_farjmp
  1106 00000BCD 6A 02                           	PUSH	2
  1107 00000BCF 57                              	PUSH	EDI
  1108 00000BD0 E8 [00000000]                   	CALL	_timer_settime
  1109 00000BD5 83 C4 10                        	ADD	ESP,16
  1110 00000BD8 EB B9                           	JMP	L70
  1111 00000BDA                                 L79:
  1112 00000BDA FF B5 FFFFFDC0                  	PUSH	DWORD [-576+EBP]
  1113 00000BE0 68 [00000184]                   	PUSH	LC8
  1114 00000BE5 8D 9D FFFFFDC4                  	LEA	EBX,DWORD [-572+EBP]
  1115 00000BEB 53                              	PUSH	EBX
  1116 00000BEC E8 [00000000]                   	CALL	_sprintf
  1117 00000BF1 6A 0B                           	PUSH	11
  1118 00000BF3 53                              	PUSH	EBX
  1119 00000BF4 6A 0E                           	PUSH	14
  1120 00000BF6 6A 07                           	PUSH	7
  1121 00000BF8 68 00000090                     	PUSH	144
  1122 00000BFD 6A 00                           	PUSH	0
  1123 00000BFF FF 75 08                        	PUSH	DWORD [8+EBP]
  1124 00000C02 E8 FFFFFD6E                     	CALL	_putfonts8_asc_sht
  1125 00000C07 83 C4 28                        	ADD	ESP,40
  1126 00000C0A 6A 01                           	PUSH	1
  1127 00000C0C 56                              	PUSH	ESI
  1128 00000C0D E8 [00000000]                   	CALL	_timer_settime
  1129 00000C12 59                              	POP	ECX
  1130 00000C13 5B                              	POP	EBX
  1131 00000C14 E9 FFFFFF7A                     	JMP	L70
  1132 00000C19                                 L78:
  1133 00000C19 E8 [00000000]                   	CALL	_io_sti
  1134 00000C1E E9 FFFFFF70                     	JMP	L70
